{"ts":1717410449825,"action":"PROJECT_OPENED","tags":{"PROJECT_NAME":"dani-zivota"}}
{"ts":1717410457053,"action":"FILE_OPENED","file":"/src/main/java/org/example/Main.java","tags":{"FILE_LINE_OF_CODE":"7"}}
{"ts":1717410458395,"action":"FILE_CLOSED","file":"/src/main/java/org/example/Main.java","tags":{"FILE_LINE_OF_CODE":"7"}}
{"ts":1717410458395,"action":"FILE_OPENED","file":"/pom.xml","tags":{"FILE_LINE_OF_CODE":"17"}}
{"ts":1717410466936,"action":"IDE_DEACTIVATED"}
{"ts":1717410468577,"action":"IDE_ACTIVATED"}
{"ts":1717410469012,"action":"IDE_DEACTIVATED"}
{"ts":1717410472450,"action":"PROJECT_CLOSED","tags":{"PROJECT_NAME":"dani-zivota"}}
{"ts":1717410499493,"action":"FILE_OPENED","file":"/pom.xml","tags":{"FILE_LINE_OF_CODE":"17"}}
{"ts":1717410500001,"action":"PROJECT_OPENED","tags":{"PROJECT_NAME":"dani-zivota"}}
{"ts":1717410508561,"action":"IDE_DEACTIVATED"}
{"ts":1717410511234,"action":"IDE_ACTIVATED"}
{"ts":1717410532227,"action":"IDE_DEACTIVATED"}
{"ts":1717410532230,"action":"IDE_ACTIVATED"}
{"ts":1717410532236,"action":"IDE_DEACTIVATED"}
{"ts":1717410532239,"action":"IDE_ACTIVATED"}
{"ts":1717410532245,"action":"IDE_DEACTIVATED"}
{"ts":1717410532248,"action":"IDE_ACTIVATED"}
{"ts":1717410537253,"action":"IDE_DEACTIVATED"}
{"ts":1717410589356,"action":"IDE_ACTIVATED"}
{"ts":1717410590716,"action":"IDE_DEACTIVATED"}
{"ts":1717410934371,"action":"IDE_ACTIVATED"}
{"ts":1717410937035,"action":"IDE_DEACTIVATED"}
{"ts":1717410946730,"action":"IDE_ACTIVATED"}
{"ts":1717412802803,"action":"IDE_DEACTIVATED"}
{"ts":1717412861307,"action":"IDE_ACTIVATED"}
{"ts":1717412862620,"action":"FILE_CLOSED","file":"/pom.xml","tags":{"FILE_LINE_OF_CODE":"20"}}
{"ts":1717412862620,"action":"FILE_OPENED","file":"/src/main/java/org/example/Main.java","tags":{"FILE_LINE_OF_CODE":"7"}}
{"ts":1717412887735,"action":"IDE_DEACTIVATED"}
{"ts":1717412918210,"action":"IDE_ACTIVATED"}
{"ts":1717412924967,"action":"IDE_DEACTIVATED"}
{"ts":1717412926765,"action":"IDE_ACTIVATED"}
{"ts":1717412941412,"action":"IDE_DEACTIVATED"}
{"ts":1717412942066,"action":"IDE_ACTIVATED"}
{"ts":1717412950063,"action":"IDE_DEACTIVATED"}
{"ts":1717412953097,"action":"IDE_ACTIVATED"}
{"ts":1717412955087,"action":"IDE_DEACTIVATED"}
{"ts":1717412957182,"action":"IDE_ACTIVATED"}
{"ts":1717412974671,"action":"IDE_DEACTIVATED"}
{"ts":1717412978894,"action":"IDE_ACTIVATED"}
{"ts":1717412979900,"action":"IDE_DEACTIVATED"}
{"ts":1717412985787,"action":"IDE_ACTIVATED"}
{"ts":1717413010149,"action":"IDE_DEACTIVATED"}
{"ts":1717413015210,"action":"IDE_ACTIVATED"}
{"ts":1717413020870,"action":"FILE_CLOSED","file":"/src/main/java/org/example/Main.java","tags":{"FILE_LINE_OF_CODE":"7"}}
{"ts":1717413020870,"action":"FILE_OPENED","file":"/src/test/resources/features/calculate_age.feature","tags":{"FILE_LINE_OF_CODE":"0"}}
{"ts":1717413032535,"action":"IDE_DEACTIVATED"}
{"ts":1717413035760,"action":"IDE_ACTIVATED"}
{"ts":1717413045526,"action":"FILE_CLOSED","file":"/src/test/resources/features/calculate_age.feature","tags":{"FILE_LINE_OF_CODE":"0"}}
{"ts":1717413045526,"action":"FILE_OPENED","file":"/pom.xml","tags":{"FILE_LINE_OF_CODE":"20"}}
{"ts":1717413047448,"action":"FILE_CLOSED","file":"/pom.xml","tags":{"FILE_LINE_OF_CODE":"20"}}
{"ts":1717413047454,"action":"FILE_OPENED","file":"/src/test/resources/features/calculate_age.feature","tags":{"FILE_LINE_OF_CODE":"0"}}
{"ts":1717413049705,"action":"IDE_DEACTIVATED"}
{"ts":1717413053796,"action":"IDE_ACTIVATED"}
{"ts":1717413060834,"action":"IDE_DEACTIVATED"}
{"ts":1717413090523,"action":"IDE_ACTIVATED"}
{"ts":1717413115014,"action":"IDE_DEACTIVATED"}
{"ts":1717413120666,"action":"IDE_ACTIVATED"}
{"ts":1717413121745,"action":"IDE_DEACTIVATED"}
{"ts":1717413123822,"action":"IDE_ACTIVATED"}
{"ts":1717413131751,"action":"IDE_DEACTIVATED"}
{"ts":1717413135178,"action":"IDE_ACTIVATED"}
{"ts":1717413154808,"action":"FILE_CLOSED","file":"/src/test/resources/features/calculate_age.feature","tags":{"FILE_LINE_OF_CODE":"17"}}
{"ts":1717413161678,"action":"IDE_DEACTIVATED"}
{"ts":1717413164548,"action":"IDE_ACTIVATED"}
{"ts":1717413166284,"action":"IDE_DEACTIVATED"}
{"ts":1717413167757,"action":"IDE_ACTIVATED"}
{"ts":1717413168613,"action":"IDE_DEACTIVATED"}
{"ts":1717413170961,"action":"IDE_ACTIVATED"}
{"ts":1717413196346,"action":"IDE_DEACTIVATED"}
{"ts":1717413199223,"action":"IDE_ACTIVATED"}
{"ts":1717413224502,"action":"IDE_DEACTIVATED"}
{"ts":1717413227076,"action":"IDE_ACTIVATED"}
{"ts":1717413231453,"action":"IDE_DEACTIVATED"}
{"ts":1717413232152,"action":"IDE_ACTIVATED"}
{"ts":1717413233549,"action":"IDE_DEACTIVATED"}
{"ts":1717413237252,"action":"IDE_ACTIVATED"}
{"ts":1717413238225,"action":"IDE_DEACTIVATED"}
{"ts":1717413239906,"action":"IDE_ACTIVATED"}
{"ts":1717413250357,"action":"IDE_DEACTIVATED"}
{"ts":1717413251729,"action":"IDE_ACTIVATED"}
{"ts":1717413267375,"action":"FILE_OPENED","file":"/src/main/java/org/example/Main.java","tags":{"FILE_LINE_OF_CODE":"7"}}
{"ts":1717413268385,"action":"FILE_CLOSED","file":"/src/main/java/org/example/Main.java","tags":{"FILE_LINE_OF_CODE":"7"}}
{"ts":1717413319174,"action":"IDE_DEACTIVATED"}
{"ts":1717413322084,"action":"IDE_ACTIVATED"}
{"ts":1717413323472,"action":"IDE_DEACTIVATED"}
{"ts":1717413324859,"action":"IDE_ACTIVATED"}
{"ts":1717413336103,"action":"IDE_DEACTIVATED"}
{"ts":1717413338088,"action":"IDE_ACTIVATED"}
{"ts":1717413339436,"action":"IDE_DEACTIVATED"}
{"ts":1717413341365,"action":"IDE_ACTIVATED"}
{"ts":1717413357164,"action":"IDE_DEACTIVATED"}
{"ts":1717413358583,"action":"IDE_ACTIVATED"}
{"ts":1717413369907,"action":"IDE_DEACTIVATED"}
{"ts":1717413371378,"action":"IDE_ACTIVATED"}
{"ts":1717413389434,"action":"IDE_DEACTIVATED"}
{"ts":1717413389591,"action":"PROJECT_CLOSED","tags":{"PROJECT_NAME":"dani-zivota"}}
{"ts":1717413443402,"action":"PROJECT_OPENED","tags":{"PROJECT_NAME":"dani-zivota"}}
{"ts":1717413461821,"action":"IDE_DEACTIVATED"}
{"ts":1717413462804,"action":"IDE_ACTIVATED"}
{"ts":1717413471386,"action":"IDE_DEACTIVATED"}
{"ts":1717413475103,"action":"IDE_ACTIVATED"}
{"ts":1717413480308,"action":"FILE_OPENED","file":"/src/test/java/com/example/stepdefinitions/AgeCalculationStepDefinitions.java","tags":{"FILE_LINE_OF_CODE":"5"}}
{"ts":1717413485017,"action":"IDE_DEACTIVATED"}
{"ts":1717413491663,"action":"IDE_ACTIVATED"}
{"ts":1717413495569,"action":"IDE_DEACTIVATED"}
{"ts":1717413502606,"action":"IDE_ACTIVATED"}
{"ts":1717413513426,"action":"IDE_DEACTIVATED"}
{"ts":1717413575606,"action":"IDE_ACTIVATED"}
{"ts":1717413580720,"action":"IDE_DEACTIVATED"}
{"ts":1717413619991,"action":"IDE_ACTIVATED"}
{"ts":1717413622363,"action":"IDE_DEACTIVATED"}
{"ts":1717413625348,"action":"IDE_ACTIVATED"}
{"ts":1717413630685,"action":"IDE_DEACTIVATED"}
{"ts":1717413654507,"action":"IDE_ACTIVATED"}
{"ts":1717413656807,"action":"IDE_DEACTIVATED"}
{"ts":1717413702869,"action":"IDE_ACTIVATED"}
{"ts":1717413716634,"action":"FILE_CLOSED","file":"/src/test/java/com/example/stepdefinitions/AgeCalculationStepDefinitions.java","tags":{"FILE_LINE_OF_CODE":"50"}}
{"ts":1717413716634,"action":"FILE_OPENED","file":"/src/test/java/com/example/RunCucumberTest.java","tags":{"FILE_LINE_OF_CODE":"0"}}
{"ts":1717413718094,"action":"FILE_CLOSED","file":"/src/test/java/com/example/RunCucumberTest.java","tags":{"FILE_LINE_OF_CODE":"0"}}
{"ts":1717413718094,"action":"FILE_OPENED","file":"/src/test/java/com/example/stepdefinitions/AgeCalculationStepDefinitions.java","tags":{"FILE_LINE_OF_CODE":"50"}}
{"ts":1717413718572,"action":"FILE_CLOSED","file":"/src/test/java/com/example/stepdefinitions/AgeCalculationStepDefinitions.java","tags":{"FILE_LINE_OF_CODE":"50"}}
{"ts":1717413718577,"action":"FILE_OPENED","file":"/src/test/java/com/example/RunCucumberTest.java","tags":{"FILE_LINE_OF_CODE":"0"}}
{"ts":1717413723357,"action":"IDE_DEACTIVATED"}
{"ts":1717413726134,"action":"IDE_ACTIVATED"}
{"ts":1717413736086,"action":"IDE_DEACTIVATED"}
{"ts":1717413736242,"action":"PROJECT_CLOSED","tags":{"PROJECT_NAME":"dani-zivota"}}
{"ts":1717413758792,"action":"FILE_OPENED","file":"/src/test/java/com/example/RunCucumberTest.java","tags":{"FILE_LINE_OF_CODE":"11"}}
{"ts":1717413759023,"action":"PROJECT_OPENED","tags":{"PROJECT_NAME":"dani-zivota"}}
{"ts":1717413806851,"action":"FILE_CLOSED","file":"/src/test/java/com/example/RunCucumberTest.java","tags":{"FILE_LINE_OF_CODE":"11"}}
{"ts":1717413806851,"action":"FILE_OPENED","file":"/src/main/java/org/example/Main.java","tags":{"FILE_LINE_OF_CODE":"7"}}
{"ts":1717413824198,"action":"IDE_DEACTIVATED"}
{"ts":1717413832222,"action":"IDE_ACTIVATED"}
{"ts":1717413840576,"action":"IDE_DEACTIVATED"}
{"ts":1717413844454,"action":"IDE_ACTIVATED"}
{"ts":1717413852325,"action":"IDE_DEACTIVATED"}
{"ts":1717413891310,"action":"IDE_ACTIVATED"}
{"ts":1717413892198,"action":"FILE_CLOSED","file":"/src/main/java/org/example/Main.java","tags":{"FILE_LINE_OF_CODE":"7"}}
{"ts":1717413892198,"action":"FILE_OPENED","file":"/src/test/java/com/example/RunCucumberTest.java","tags":{"FILE_LINE_OF_CODE":"11"}}
{"ts":1717413892776,"action":"FILE_CLOSED","file":"/src/test/java/com/example/RunCucumberTest.java","tags":{"FILE_LINE_OF_CODE":"11"}}
{"ts":1717413892776,"action":"FILE_OPENED","file":"/src/main/java/org/example/Main.java","tags":{"FILE_LINE_OF_CODE":"7"}}
{"ts":1717413972419,"action":"IDE_DEACTIVATED"}
{"ts":1717414008747,"action":"IDE_ACTIVATED"}
{"ts":1717414219263,"action":"FILE_CLOSED","file":"/src/main/java/org/example/Main.java","tags":{"FILE_LINE_OF_CODE":"34"}}
{"ts":1717414219263,"action":"FILE_OPENED","file":"/src/test/java/com/example/RunCucumberTest.java","tags":{"FILE_LINE_OF_CODE":"11"}}
{"ts":1717414415567,"action":"IDE_DEACTIVATED"}
{"ts":1717414444878,"action":"IDE_ACTIVATED"}
{"ts":1717414451926,"action":"FILE_CLOSED","file":"/src/test/java/com/example/RunCucumberTest.java","tags":{"FILE_LINE_OF_CODE":"11"}}
{"ts":1717414451927,"action":"FILE_OPENED","file":"/src/main/java/org/example/Main.java","tags":{"FILE_LINE_OF_CODE":"34"}}
{"ts":1717414523970,"action":"IDE_DEACTIVATED"}
{"ts":1717414530439,"action":"IDE_ACTIVATED"}
{"ts":1717414540115,"action":"FILE_CLOSED","file":"/src/main/java/org/example/Main.java","tags":{"FILE_LINE_OF_CODE":"34"}}
{"ts":1717414540115,"action":"FILE_OPENED","file":"/src/test/java/com/example/RunCucumberTest.java","tags":{"FILE_LINE_OF_CODE":"11"}}
{"ts":1717414541686,"action":"FILE_CLOSED","file":"/src/test/java/com/example/RunCucumberTest.java","tags":{"FILE_LINE_OF_CODE":"11"}}
{"ts":1717414541691,"action":"FILE_OPENED","file":"/src/main/java/org/example/Main.java","tags":{"FILE_LINE_OF_CODE":"34"}}
{"ts":1717414638437,"action":"IDE_DEACTIVATED"}
{"ts":1717414638647,"action":"PROJECT_CLOSED","tags":{"PROJECT_NAME":"dani-zivota"}}
{"ts":1717414783139,"action":"FILE_OPENED","file":"/src/main/java/org/example/Main.java","tags":{"FILE_LINE_OF_CODE":"33"}}
{"ts":1717414783667,"action":"PROJECT_OPENED","tags":{"PROJECT_NAME":"dani-zivota"}}
{"ts":1717414914464,"action":"IDE_DEACTIVATED"}
{"ts":1717414914761,"action":"PROJECT_CLOSED","tags":{"PROJECT_NAME":"dani-zivota"}}
{"ts":1717414948942,"action":"FILE_OPENED","file":"/src/main/java/org/example/Main.java","tags":{"FILE_LINE_OF_CODE":"33"}}
{"ts":1717414949082,"action":"PROJECT_OPENED","tags":{"PROJECT_NAME":"dani-zivota"}}
{"ts":1717414964875,"action":"IDE_DEACTIVATED"}
{"ts":1717414965442,"action":"PROJECT_CLOSED","tags":{"PROJECT_NAME":"dani-zivota"}}
{"ts":1717415056868,"action":"FILE_OPENED","file":"/src/main/java/org/example/Main.java","tags":{"FILE_LINE_OF_CODE":"33"}}
{"ts":1717415057435,"action":"PROJECT_OPENED","tags":{"PROJECT_NAME":"dani-zivota"}}
{"ts":1717415065527,"action":"IDE_DEACTIVATED"}
{"ts":1717415066351,"action":"PROJECT_CLOSED","tags":{"PROJECT_NAME":"dani-zivota"}}
